<?xml version="1.0" encoding="UTF-8"?>
<!-- Generated by org.testng.reporters.JUnitReportReporter -->
<testsuite skipped="0" hostname="Bharath" name="com.maven.test.Demo2" tests="4" failures="0" timestamp="2020-04-09T11:44:26 IST" time="0.003" errors="0">
  <testcase name="div" time="0.001" classname="com.maven.test.Demo2"/>
  <system-out/>
  <testcase name="sub" time="0.000" classname="com.maven.test.Demo2"/>
  <system-out/>
  <testcase name="mul" time="0.001" classname="com.maven.test.Demo2"/>
  <system-out/>
  <testcase name="sum" time="0.001" classname="com.maven.test.Demo2"/>
  <system-out/>
</testsuite> <!-- com.maven.test.Demo2 -->
